<?xml version="1.0" encoding="UTF-8"?>
<testng-results skipped="0" failed="1" total="3" passed="2">
  <reporter-output>
  </reporter-output>
  <suite name="Command line suite" duration-ms="29820" started-at="2017-04-25T22:38:21Z" finished-at="2017-04-25T22:38:51Z">
    <groups>
    </groups>
    <test name="Command line test" duration-ms="29820" started-at="2017-04-25T22:38:21Z" finished-at="2017-04-25T22:38:51Z">
      <class name="seo.checklistExcel.SEOchecklistTest">
        <test-method status="FAIL" signature="SEOSpeed()[pri:0, instance:seo.checklistExcel.SEOchecklistTest@5315b42e]" name="SEOSpeed" duration-ms="1910" started-at="2017-04-25T15:38:49Z" finished-at="2017-04-25T15:38:51Z">
          <exception class="java.lang.NoClassDefFoundError">
            <message>
              <![CDATA[Lorg/apache/poi/xssf/usermodel/XSSFWorkbook;]]>
            </message>
            <full-stacktrace>
              <![CDATA[java.lang.NoClassDefFoundError: Lorg/apache/poi/xssf/usermodel/XSSFWorkbook;
	at java.lang.Class.getDeclaredFields0(Native Method)
	at java.lang.Class.privateGetDeclaredFields(Class.java:2583)
	at java.lang.Class.getDeclaredFields(Class.java:1916)
	at org.openqa.selenium.support.PageFactory.proxyFields(PageFactory.java:111)
	at org.openqa.selenium.support.PageFactory.initElements(PageFactory.java:105)
	at org.openqa.selenium.support.PageFactory.initElements(PageFactory.java:92)
	at org.openqa.selenium.support.PageFactory.initElements(PageFactory.java:79)
	at seo.checklistExcel.SEOchecklistEx.<init>(SEOchecklistEx.java:50)
	at seo.checklistExcel.SEOchecklistTest.SEOSpeed(SEOchecklistTest.java:28)
	at sun.reflect.NativeMethodAccessorImpl.invoke0(Native Method)
	at sun.reflect.NativeMethodAccessorImpl.invoke(NativeMethodAccessorImpl.java:62)
	at sun.reflect.DelegatingMethodAccessorImpl.invoke(DelegatingMethodAccessorImpl.java:43)
	at java.lang.reflect.Method.invoke(Method.java:498)
	at org.testng.internal.MethodInvocationHelper.invokeMethod(MethodInvocationHelper.java:86)
	at org.testng.internal.Invoker.invokeMethod(Invoker.java:643)
	at org.testng.internal.Invoker.invokeTestMethod(Invoker.java:820)
	at org.testng.internal.Invoker.invokeTestMethods(Invoker.java:1128)
	at org.testng.internal.TestMethodWorker.invokeTestMethods(TestMethodWorker.java:129)
	at org.testng.internal.TestMethodWorker.run(TestMethodWorker.java:112)
	at org.testng.TestRunner.privateRun(TestRunner.java:782)
	at org.testng.TestRunner.run(TestRunner.java:632)
	at org.testng.SuiteRunner.runTest(SuiteRunner.java:366)
	at org.testng.SuiteRunner.runSequentially(SuiteRunner.java:361)
	at org.testng.SuiteRunner.privateRun(SuiteRunner.java:319)
	at org.testng.SuiteRunner.run(SuiteRunner.java:268)
	at org.testng.SuiteRunnerWorker.runSuite(SuiteRunnerWorker.java:52)
	at org.testng.SuiteRunnerWorker.run(SuiteRunnerWorker.java:86)
	at org.testng.TestNG.runSuitesSequentially(TestNG.java:1244)
	at org.testng.TestNG.runSuitesLocally(TestNG.java:1169)
	at org.testng.TestNG.run(TestNG.java:1064)
	at org.apache.maven.surefire.testng.TestNGExecutor.run(TestNGExecutor.java:77)
	at org.apache.maven.surefire.testng.TestNGDirectoryTestSuite.executeMulti(TestNGDirectoryTestSuite.java:159)
	at org.apache.maven.surefire.testng.TestNGDirectoryTestSuite.execute(TestNGDirectoryTestSuite.java:99)
	at org.apache.maven.surefire.testng.TestNGProvider.invoke(TestNGProvider.java:106)
	at sun.reflect.NativeMethodAccessorImpl.invoke0(Native Method)
	at sun.reflect.NativeMethodAccessorImpl.invoke(NativeMethodAccessorImpl.java:62)
	at sun.reflect.DelegatingMethodAccessorImpl.invoke(DelegatingMethodAccessorImpl.java:43)
	at java.lang.reflect.Method.invoke(Method.java:498)
	at org.apache.maven.surefire.util.ReflectionUtils.invokeMethodWithArray(ReflectionUtils.java:189)
	at org.apache.maven.surefire.booter.ProviderFactory$ProviderProxy.invoke(ProviderFactory.java:165)
	at org.apache.maven.surefire.booter.ProviderFactory.invokeProvider(ProviderFactory.java:85)
	at org.apache.maven.surefire.booter.ForkedBooter.runSuitesInProcess(ForkedBooter.java:115)
	at org.apache.maven.surefire.booter.ForkedBooter.main(ForkedBooter.java:75)
Caused by: java.lang.ClassNotFoundException: org.apache.poi.xssf.usermodel.XSSFWorkbook
	at java.net.URLClassLoader.findClass(URLClassLoader.java:381)
	at java.lang.ClassLoader.loadClass(ClassLoader.java:424)
	at sun.misc.Launcher$AppClassLoader.loadClass(Launcher.java:331)
	at java.lang.ClassLoader.loadClass(ClassLoader.java:357)
	... 43 more
]]>
            </full-stacktrace>
          </exception> <!-- java.lang.NoClassDefFoundError -->
          <reporter-output>
          </reporter-output>
        </test-method> <!-- SEOSpeed -->
      </class> <!-- seo.checklistExcel.SEOchecklistTest -->
      <class name="seo.checklistTest.HqSEOpageSpeedTest">
        <test-method status="PASS" signature="SEOSpeed()[pri:0, instance:seo.checklistTest.HqSEOpageSpeedTest@60addb54]" name="SEOSpeed" duration-ms="21674" started-at="2017-04-25T15:38:27Z" finished-at="2017-04-25T15:38:49Z">
          <reporter-output>
          </reporter-output>
        </test-method> <!-- SEOSpeed -->
      </class> <!-- seo.checklistTest.HqSEOpageSpeedTest -->
      <class name="seo.checklistTest.HQChecklistTest">
        <test-method status="PASS" signature="SEOlist()[pri:0, instance:seo.checklistTest.HQChecklistTest@1e67b872]" name="SEOlist" duration-ms="6220" started-at="2017-04-25T15:38:21Z" finished-at="2017-04-25T15:38:27Z">
          <reporter-output>
          </reporter-output>
        </test-method> <!-- SEOlist -->
      </class> <!-- seo.checklistTest.HQChecklistTest -->
    </test> <!-- Command line test -->
  </suite> <!-- Command line suite -->
</testng-results>
