<?xml version="1.0" encoding="UTF-8"?>
<!-- Generated by org.testng.reporters.JUnitXMLReporter -->
<testsuite hostname="SFOWWS-9HJ2B42" name="Command line test" tests="3" failures="1" timestamp="25 Apr 2017 22:38:51 GMT" time="29.82" errors="0">
  <testcase name="SEOlist" time="6.22" classname="seo.checklistTest.HQChecklistTest"/>
  <testcase name="SEOSpeed" time="21.674" classname="seo.checklistTest.HqSEOpageSpeedTest"/>
  <testcase name="SEOSpeed" time="1.91" classname="seo.checklistExcel.SEOchecklistTest">
    <failure type="java.lang.NoClassDefFoundError" message="Lorg/apache/poi/xssf/usermodel/XSSFWorkbook;">
      <![CDATA[java.lang.NoClassDefFoundError: Lorg/apache/poi/xssf/usermodel/XSSFWorkbook;
	at java.lang.Class.getDeclaredFields0(Native Method)
	at java.lang.Class.privateGetDeclaredFields(Class.java:2583)
	at java.lang.Class.getDeclaredFields(Class.java:1916)
	at org.openqa.selenium.support.PageFactory.proxyFields(PageFactory.java:111)
	at org.openqa.selenium.support.PageFactory.initElements(PageFactory.java:105)
	at org.openqa.selenium.support.PageFactory.initElements(PageFactory.java:92)
	at org.openqa.selenium.support.PageFactory.initElements(PageFactory.java:79)
	at seo.checklistExcel.SEOchecklistEx.<init>(SEOchecklistEx.java:50)
	at seo.checklistExcel.SEOchecklistTest.SEOSpeed(SEOchecklistTest.java:28)
Caused by: java.lang.ClassNotFoundException: org.apache.poi.xssf.usermodel.XSSFWorkbook
	at java.net.URLClassLoader.findClass(URLClassLoader.java:381)
	at java.lang.ClassLoader.loadClass(ClassLoader.java:424)
	at sun.misc.Launcher$AppClassLoader.loadClass(Launcher.java:331)
	at java.lang.ClassLoader.loadClass(ClassLoader.java:357)
	... 43 more
... Removed 34 stack frames]]>
    </failure>
  </testcase> <!-- SEOSpeed -->
</testsuite> <!-- Command line test -->
